# JRE version: Java(TM) SE Runtime Environment (8.0_102-b14) (build 1.8.0_102-b14)
# Java VM: Java HotSpot(TM) 64-Bit Server VM (25.102-b14 mixed mode windows-amd64 compressed oops)
Heap:
 PSYoungGen      total 144384K, used 8925K [0x00000000d5980000, 0x00000000df280000, 0x0000000100000000)
  eden space 132096K, 0% used [0x00000000d5980000,0x00000000d5980000,0x00000000dda80000)
  from space 12288K, 72% used [0x00000000dda80000,0x00000000de3377b0,0x00000000de680000)
  to   space 11776K, 0% used [0x00000000de700000,0x00000000de700000,0x00000000df280000)
 ParOldGen       total 87552K, used 16123K [0x0000000080c00000, 0x0000000086180000, 0x00000000d5980000)
  object space 87552K, 18% used [0x0000000080c00000,0x0000000081bbef98,0x0000000086180000)
 Metaspace       used 19804K, capacity 20308K, committed 20480K, reserved 1067008K
  class space    used 2351K, capacity 2522K, committed 2560K, reserved 1048576K
GC Heap History (10 events):
Event: 1.422 GC heap after
Heap after GC invocations=3 (full 0):
 PSYoungGen      total 38400K, used 5093K [0x00000000d5980000, 0x00000000da480000, 0x0000000100000000)
  eden space 33280K, 0% used [0x00000000d5980000,0x00000000d5980000,0x00000000d7a00000)
  from space 5120K, 99% used [0x00000000d7a00000,0x00000000d7ef9608,0x00000000d7f00000)
  to   space 5120K, 0% used [0x00000000d9f80000,0x00000000d9f80000,0x00000000da480000)
 ParOldGen       total 87552K, used 6199K [0x0000000080c00000, 0x0000000086180000, 0x00000000d5980000)
  object space 87552K, 7% used [0x0000000080c00000,0x000000008120def0,0x0000000086180000)
 Metaspace       used 15057K, capacity 15328K, committed 15616K, reserved 1062912K
  class space    used 1837K, capacity 1941K, committed 2048K, reserved 1048576K
}
Event: 1.713 GC heap before
{Heap before GC invocations=4 (full 0):
 PSYoungGen      total 38400K, used 38373K [0x00000000d5980000, 0x00000000da480000, 0x0000000100000000)
  eden space 33280K, 100% used [0x00000000d5980000,0x00000000d7a00000,0x00000000d7a00000)
  from space 5120K, 99% used [0x00000000d7a00000,0x00000000d7ef9608,0x00000000d7f00000)
  to   space 5120K, 0% used [0x00000000d9f80000,0x00000000d9f80000,0x00000000da480000)
 ParOldGen       total 87552K, used 6199K [0x0000000080c00000, 0x0000000086180000, 0x00000000d5980000)
  object space 87552K, 7% used [0x0000000080c00000,0x000000008120def0,0x0000000086180000)
 Metaspace       used 15311K, capacity 15590K, committed 15872K, reserved 1062912K
  class space    used 1850K, capacity 1942K, committed 2048K, reserved 1048576K
Event: 1.720 GC heap after
Heap after GC invocations=4 (full 0):
 PSYoungGen      total 71680K, used 5104K [0x00000000d5980000, 0x00000000da480000, 0x0000000100000000)
  eden space 66560K, 0% used [0x00000000d5980000,0x00000000d5980000,0x00000000d9a80000)
  from space 5120K, 99% used [0x00000000d9f80000,0x00000000da47c030,0x00000000da480000)
  to   space 5120K, 0% used [0x00000000d9a80000,0x00000000d9a80000,0x00000000d9f80000)
 ParOldGen       total 87552K, used 9494K [0x0000000080c00000, 0x0000000086180000, 0x00000000d5980000)
  object space 87552K, 10% used [0x0000000080c00000,0x0000000081545938,0x0000000086180000)
 Metaspace       used 15311K, capacity 15590K, committed 15872K, reserved 1062912K
  class space    used 1850K, capacity 1942K, committed 2048K, reserved 1048576K
}
Event: 2.546 GC heap before
{Heap before GC invocations=5 (full 0):
 PSYoungGen      total 71680K, used 71664K [0x00000000d5980000, 0x00000000da480000, 0x0000000100000000)
  eden space 66560K, 100% used [0x00000000d5980000,0x00000000d9a80000,0x00000000d9a80000)
  from space 5120K, 99% used [0x00000000d9f80000,0x00000000da47c030,0x00000000da480000)
  to   space 5120K, 0% used [0x00000000d9a80000,0x00000000d9a80000,0x00000000d9f80000)
 ParOldGen       total 87552K, used 9494K [0x0000000080c00000, 0x0000000086180000, 0x00000000d5980000)
  object space 87552K, 10% used [0x0000000080c00000,0x0000000081545938,0x0000000086180000)
 Metaspace       used 16899K, capacity 17248K, committed 17536K, reserved 1064960K
  class space    used 1985K, capacity 2089K, committed 2176K, reserved 1048576K
Event: 2.555 GC heap after
Heap after GC invocations=5 (full 0):
 PSYoungGen      total 71680K, used 5088K [0x00000000d5980000, 0x00000000df180000, 0x0000000100000000)
  eden space 66560K, 0% used [0x00000000d5980000,0x00000000d5980000,0x00000000d9a80000)
  from space 5120K, 99% used [0x00000000d9a80000,0x00000000d9f78020,0x00000000d9f80000)
  to   space 11264K, 0% used [0x00000000de680000,0x00000000de680000,0x00000000df180000)
 ParOldGen       total 87552K, used 14245K [0x0000000080c00000, 0x0000000086180000, 0x00000000d5980000)
  object space 87552K, 16% used [0x0000000080c00000,0x00000000819e96f8,0x0000000086180000)
 Metaspace       used 16899K, capacity 17248K, committed 17536K, reserved 1064960K
  class space    used 1985K, capacity 2089K, committed 2176K, reserved 1048576K
}
Event: 3.578 GC heap before
{Heap before GC invocations=6 (full 0):
 PSYoungGen      total 71680K, used 71648K [0x00000000d5980000, 0x00000000df180000, 0x0000000100000000)
  eden space 66560K, 100% used [0x00000000d5980000,0x00000000d9a80000,0x00000000d9a80000)
  from space 5120K, 99% used [0x00000000d9a80000,0x00000000d9f78020,0x00000000d9f80000)
  to   space 11264K, 0% used [0x00000000de680000,0x00000000de680000,0x00000000df180000)
 ParOldGen       total 87552K, used 14245K [0x0000000080c00000, 0x0000000086180000, 0x00000000d5980000)
  object space 87552K, 16% used [0x0000000080c00000,0x00000000819e96f8,0x0000000086180000)
 Metaspace       used 18472K, capacity 18948K, committed 19200K, reserved 1067008K
  class space    used 2163K, capacity 2282K, committed 2304K, reserved 1048576K
Event: 3.595 GC heap after
Heap after GC invocations=6 (full 0):
 PSYoungGen      total 143360K, used 9988K [0x00000000d5980000, 0x00000000df380000, 0x0000000100000000)
  eden space 132096K, 0% used [0x00000000d5980000,0x00000000d5980000,0x00000000dda80000)
  from space 11264K, 88% used [0x00000000de680000,0x00000000df0412a8,0x00000000df180000)
  to   space 12288K, 0% used [0x00000000dda80000,0x00000000dda80000,0x00000000de680000)
 ParOldGen       total 87552K, used 14253K [0x0000000080c00000, 0x0000000086180000, 0x00000000d5980000)
  object space 87552K, 16% used [0x0000000080c00000,0x00000000819eb6f8,0x0000000086180000)
 Metaspace       used 18472K, capacity 18948K, committed 19200K, reserved 1067008K
  class space    used 2163K, capacity 2282K, committed 2304K, reserved 1048576K
}
Event: 4.342 GC heap before
{Heap before GC invocations=7 (full 0):
 PSYoungGen      total 143360K, used 44308K [0x00000000d5980000, 0x00000000df380000, 0x0000000100000000)
  eden space 132096K, 25% used [0x00000000d5980000,0x00000000d7b03ea0,0x00000000dda80000)
  from space 11264K, 88% used [0x00000000de680000,0x00000000df0412a8,0x00000000df180000)
  to   space 12288K, 0% used [0x00000000dda80000,0x00000000dda80000,0x00000000de680000)
 ParOldGen       total 87552K, used 14253K [0x0000000080c00000, 0x0000000086180000, 0x00000000d5980000)
  object space 87552K, 16% used [0x0000000080c00000,0x00000000819eb6f8,0x0000000086180000)
 Metaspace       used 19804K, capacity 20308K, committed 20480K, reserved 1067008K
  class space    used 2351K, capacity 2522K, committed 2560K, reserved 1048576K
Event: 4.355 GC heap after
Heap after GC invocations=7 (full 0):
 PSYoungGen      total 144384K, used 8925K [0x00000000d5980000, 0x00000000df280000, 0x0000000100000000)
  eden space 132096K, 0% used [0x00000000d5980000,0x00000000d5980000,0x00000000dda80000)
  from space 12288K, 72% used [0x00000000dda80000,0x00000000de3377b0,0x00000000de680000)
  to   space 11776K, 0% used [0x00000000de700000,0x00000000de700000,0x00000000df280000)
 ParOldGen       total 87552K, used 16123K [0x0000000080c00000, 0x0000000086180000, 0x00000000d5980000)
  object space 87552K, 18% used [0x0000000080c00000,0x0000000081bbef98,0x0000000086180000)
 Metaspace       used 19804K, capacity 20308K, committed 20480K, reserved 1067008K
  class space    used 2351K, capacity 2522K, committed 2560K, reserved 1048576K
}
Event: 4.355 GC heap before
{Heap before GC invocations=8 (full 1):
 PSYoungGen      total 144384K, used 8925K [0x00000000d5980000, 0x00000000df280000, 0x0000000100000000)
  eden space 132096K, 0% used [0x00000000d5980000,0x00000000d5980000,0x00000000dda80000)
  from space 12288K, 72% used [0x00000000dda80000,0x00000000de3377b0,0x00000000de680000)
  to   space 11776K, 0% used [0x00000000de700000,0x00000000de700000,0x00000000df280000)
 ParOldGen       total 87552K, used 16123K [0x0000000080c00000, 0x0000000086180000, 0x00000000d5980000)
  object space 87552K, 18% used [0x0000000080c00000,0x0000000081bbef98,0x0000000086180000)
 Metaspace       used 19804K, capacity 20308K, committed 20480K, reserved 1067008K
  class space    used 2351K, capacity 2522K, committed 2560K, reserved 1048576K

